2023-12-26 22:11:19,378 - INFO - Script de execução iniciado!
2023-12-26 22:11:19,389 - INFO - Limpeza de dados concluída com sucesso!
2023-12-26 22:11:19,390 - DEBUG - Starting to build add request...
2023-12-26 22:11:19,390 - DEBUG - Built add request of 1 docs in 0.00 seconds.
2023-12-26 22:11:19,390 - DEBUG - Starting request to 'http://localhost:8983/solr/search_alunos/update/?commit=true' (post) with body '[{"name": '...
2023-12-26 22:11:19,396 - DEBUG - Starting new HTTP connection (1): localhost:8983
2023-12-26 22:11:19,730 - DEBUG - http://localhost:8983 "POST /solr/search_alunos/update/?commit=true HTTP/1.1" 200 60
2023-12-26 22:11:19,731 - INFO - Finished 'http://localhost:8983/solr/search_alunos/update/?commit=true' (post) with body '[{"name": ' in 0.341 seconds, with status 200
2023-12-26 22:11:19,731 - INFO - Dados para Alice inserido no Solr
2023-12-26 22:11:19,732 - DEBUG - Starting to build add request...
2023-12-26 22:11:19,732 - DEBUG - Built add request of 1 docs in 0.00 seconds.
2023-12-26 22:11:19,732 - DEBUG - Starting request to 'http://localhost:8983/solr/search_alunos/update/?commit=true' (post) with body '[{"name": '...
2023-12-26 22:11:19,804 - DEBUG - http://localhost:8983 "POST /solr/search_alunos/update/?commit=true HTTP/1.1" 200 59
2023-12-26 22:11:19,804 - INFO - Finished 'http://localhost:8983/solr/search_alunos/update/?commit=true' (post) with body '[{"name": ' in 0.073 seconds, with status 200
2023-12-26 22:11:19,804 - INFO - Dados para Bob inserido no Solr
2023-12-26 22:11:19,805 - DEBUG - Starting to build add request...
2023-12-26 22:11:19,805 - DEBUG - Built add request of 1 docs in 0.00 seconds.
2023-12-26 22:11:19,805 - DEBUG - Starting request to 'http://localhost:8983/solr/search_alunos/update/?commit=true' (post) with body '[{"name": '...
2023-12-26 22:11:19,840 - DEBUG - http://localhost:8983 "POST /solr/search_alunos/update/?commit=true HTTP/1.1" 200 59
2023-12-26 22:11:19,840 - INFO - Finished 'http://localhost:8983/solr/search_alunos/update/?commit=true' (post) with body '[{"name": ' in 0.035 seconds, with status 200
2023-12-26 22:11:19,840 - INFO - Dados para Charlie inserido no Solr
2023-12-26 22:11:19,841 - DEBUG - Starting to build add request...
2023-12-26 22:11:19,841 - DEBUG - Built add request of 1 docs in 0.00 seconds.
2023-12-26 22:11:19,841 - DEBUG - Starting request to 'http://localhost:8983/solr/search_alunos/update/?commit=true' (post) with body '[{"name": '...
2023-12-26 22:11:19,886 - DEBUG - http://localhost:8983 "POST /solr/search_alunos/update/?commit=true HTTP/1.1" 200 59
2023-12-26 22:11:19,887 - INFO - Finished 'http://localhost:8983/solr/search_alunos/update/?commit=true' (post) with body '[{"name": ' in 0.046 seconds, with status 200
2023-12-26 22:11:19,887 - INFO - Dados para David inserido no Solr
2023-12-26 22:11:19,887 - DEBUG - Starting to build add request...
2023-12-26 22:11:19,887 - DEBUG - Built add request of 1 docs in 0.00 seconds.
2023-12-26 22:11:19,887 - DEBUG - Starting request to 'http://localhost:8983/solr/search_alunos/update/?commit=true' (post) with body '[{"name": '...
2023-12-26 22:11:19,938 - DEBUG - http://localhost:8983 "POST /solr/search_alunos/update/?commit=true HTTP/1.1" 200 59
2023-12-26 22:11:19,938 - INFO - Finished 'http://localhost:8983/solr/search_alunos/update/?commit=true' (post) with body '[{"name": ' in 0.051 seconds, with status 200
2023-12-26 22:11:19,938 - INFO - Dados para Emma inserido no Solr
2023-12-26 22:11:19,939 - DEBUG - Starting to build add request...
2023-12-26 22:11:19,939 - DEBUG - Built add request of 1 docs in 0.00 seconds.
2023-12-26 22:11:19,939 - DEBUG - Starting request to 'http://localhost:8983/solr/search_alunos/update/?commit=true' (post) with body '[{"name": '...
2023-12-26 22:11:19,982 - DEBUG - http://localhost:8983 "POST /solr/search_alunos/update/?commit=true HTTP/1.1" 200 59
2023-12-26 22:11:19,982 - INFO - Finished 'http://localhost:8983/solr/search_alunos/update/?commit=true' (post) with body '[{"name": ' in 0.043 seconds, with status 200
2023-12-26 22:11:19,982 - INFO - Dados para Frank inserido no Solr
2023-12-26 22:11:19,983 - DEBUG - Starting to build add request...
2023-12-26 22:11:19,983 - DEBUG - Built add request of 1 docs in 0.00 seconds.
2023-12-26 22:11:19,983 - DEBUG - Starting request to 'http://localhost:8983/solr/search_alunos/update/?commit=true' (post) with body '[{"name": '...
2023-12-26 22:11:20,061 - DEBUG - http://localhost:8983 "POST /solr/search_alunos/update/?commit=true HTTP/1.1" 200 59
2023-12-26 22:11:20,062 - INFO - Finished 'http://localhost:8983/solr/search_alunos/update/?commit=true' (post) with body '[{"name": ' in 0.078 seconds, with status 200
2023-12-26 22:11:20,062 - INFO - Dados para Grace inserido no Solr
2023-12-26 22:11:20,062 - DEBUG - Starting to build add request...
2023-12-26 22:11:20,062 - DEBUG - Built add request of 1 docs in 0.00 seconds.
2023-12-26 22:11:20,062 - DEBUG - Starting request to 'http://localhost:8983/solr/search_alunos/update/?commit=true' (post) with body '[{"name": '...
2023-12-26 22:11:20,175 - DEBUG - http://localhost:8983 "POST /solr/search_alunos/update/?commit=true HTTP/1.1" 200 60
2023-12-26 22:11:20,175 - INFO - Finished 'http://localhost:8983/solr/search_alunos/update/?commit=true' (post) with body '[{"name": ' in 0.113 seconds, with status 200
2023-12-26 22:11:20,175 - INFO - Dados para Henry inserido no Solr
2023-12-26 22:11:20,175 - DEBUG - Starting to build add request...
2023-12-26 22:11:20,175 - DEBUG - Built add request of 1 docs in 0.00 seconds.
2023-12-26 22:11:20,176 - DEBUG - Starting request to 'http://localhost:8983/solr/search_alunos/update/?commit=true' (post) with body '[{"name": '...
2023-12-26 22:11:20,221 - DEBUG - http://localhost:8983 "POST /solr/search_alunos/update/?commit=true HTTP/1.1" 200 59
2023-12-26 22:11:20,222 - INFO - Finished 'http://localhost:8983/solr/search_alunos/update/?commit=true' (post) with body '[{"name": ' in 0.046 seconds, with status 200
2023-12-26 22:11:20,222 - INFO - Dados para Isabel inserido no Solr
2023-12-26 22:11:20,222 - DEBUG - Starting to build add request...
2023-12-26 22:11:20,222 - DEBUG - Built add request of 1 docs in 0.00 seconds.
2023-12-26 22:11:20,222 - DEBUG - Starting request to 'http://localhost:8983/solr/search_alunos/update/?commit=true' (post) with body '[{"name": '...
2023-12-26 22:11:20,275 - DEBUG - http://localhost:8983 "POST /solr/search_alunos/update/?commit=true HTTP/1.1" 200 59
2023-12-26 22:11:20,275 - INFO - Finished 'http://localhost:8983/solr/search_alunos/update/?commit=true' (post) with body '[{"name": ' in 0.053 seconds, with status 200
2023-12-26 22:11:20,275 - INFO - Dados para Jack inserido no Solr
2023-12-26 22:11:20,276 - DEBUG - Starting to build add request...
2023-12-26 22:11:20,276 - DEBUG - Built add request of 1 docs in 0.00 seconds.
2023-12-26 22:11:20,276 - DEBUG - Starting request to 'http://localhost:8983/solr/search_alunos/update/?commit=true' (post) with body '[{"name": '...
2023-12-26 22:11:20,365 - DEBUG - http://localhost:8983 "POST /solr/search_alunos/update/?commit=true HTTP/1.1" 200 59
2023-12-26 22:11:20,365 - INFO - Finished 'http://localhost:8983/solr/search_alunos/update/?commit=true' (post) with body '[{"name": ' in 0.089 seconds, with status 200
2023-12-26 22:11:20,365 - INFO - Dados para Katherine inserido no Solr
2023-12-26 22:11:20,365 - DEBUG - Starting to build add request...
2023-12-26 22:11:20,365 - DEBUG - Built add request of 1 docs in 0.00 seconds.
2023-12-26 22:11:20,365 - DEBUG - Starting request to 'http://localhost:8983/solr/search_alunos/update/?commit=true' (post) with body '[{"name": '...
2023-12-26 22:11:20,406 - DEBUG - http://localhost:8983 "POST /solr/search_alunos/update/?commit=true HTTP/1.1" 200 59
2023-12-26 22:11:20,406 - INFO - Finished 'http://localhost:8983/solr/search_alunos/update/?commit=true' (post) with body '[{"name": ' in 0.041 seconds, with status 200
2023-12-26 22:11:20,406 - INFO - Dados para Liam inserido no Solr
2023-12-26 22:11:20,407 - DEBUG - Starting to build add request...
2023-12-26 22:11:20,407 - DEBUG - Built add request of 1 docs in 0.00 seconds.
2023-12-26 22:11:20,407 - DEBUG - Starting request to 'http://localhost:8983/solr/search_alunos/update/?commit=true' (post) with body '[{"name": '...
2023-12-26 22:11:20,445 - DEBUG - http://localhost:8983 "POST /solr/search_alunos/update/?commit=true HTTP/1.1" 200 59
2023-12-26 22:11:20,446 - INFO - Finished 'http://localhost:8983/solr/search_alunos/update/?commit=true' (post) with body '[{"name": ' in 0.039 seconds, with status 200
2023-12-26 22:11:20,446 - INFO - Dados para Mia inserido no Solr
2023-12-26 22:11:20,446 - DEBUG - Starting to build add request...
2023-12-26 22:11:20,446 - DEBUG - Built add request of 1 docs in 0.00 seconds.
2023-12-26 22:11:20,446 - DEBUG - Starting request to 'http://localhost:8983/solr/search_alunos/update/?commit=true' (post) with body '[{"name": '...
2023-12-26 22:11:20,491 - DEBUG - http://localhost:8983 "POST /solr/search_alunos/update/?commit=true HTTP/1.1" 200 59
2023-12-26 22:11:20,492 - INFO - Finished 'http://localhost:8983/solr/search_alunos/update/?commit=true' (post) with body '[{"name": ' in 0.045 seconds, with status 200
2023-12-26 22:11:20,492 - INFO - Dados para Nathan inserido no Solr
2023-12-26 22:11:20,492 - DEBUG - Starting to build add request...
2023-12-26 22:11:20,492 - DEBUG - Built add request of 1 docs in 0.00 seconds.
2023-12-26 22:11:20,492 - DEBUG - Starting request to 'http://localhost:8983/solr/search_alunos/update/?commit=true' (post) with body '[{"name": '...
2023-12-26 22:11:20,535 - DEBUG - http://localhost:8983 "POST /solr/search_alunos/update/?commit=true HTTP/1.1" 200 59
2023-12-26 22:11:20,535 - INFO - Finished 'http://localhost:8983/solr/search_alunos/update/?commit=true' (post) with body '[{"name": ' in 0.043 seconds, with status 200
2023-12-26 22:11:20,536 - INFO - Dados para Olivia inserido no Solr
2023-12-26 22:11:20,536 - DEBUG - Starting to build add request...
2023-12-26 22:11:20,536 - DEBUG - Built add request of 1 docs in 0.00 seconds.
2023-12-26 22:11:20,536 - DEBUG - Starting request to 'http://localhost:8983/solr/search_alunos/update/?commit=true' (post) with body '[{"name": '...
2023-12-26 22:11:20,575 - DEBUG - http://localhost:8983 "POST /solr/search_alunos/update/?commit=true HTTP/1.1" 200 59
2023-12-26 22:11:20,576 - INFO - Finished 'http://localhost:8983/solr/search_alunos/update/?commit=true' (post) with body '[{"name": ' in 0.039 seconds, with status 200
2023-12-26 22:11:20,576 - INFO - Dados para Peter inserido no Solr
2023-12-26 22:11:20,576 - DEBUG - Starting to build add request...
2023-12-26 22:11:20,576 - DEBUG - Built add request of 1 docs in 0.00 seconds.
2023-12-26 22:11:20,576 - DEBUG - Starting request to 'http://localhost:8983/solr/search_alunos/update/?commit=true' (post) with body '[{"name": '...
2023-12-26 22:11:20,615 - DEBUG - http://localhost:8983 "POST /solr/search_alunos/update/?commit=true HTTP/1.1" 200 59
2023-12-26 22:11:20,615 - INFO - Finished 'http://localhost:8983/solr/search_alunos/update/?commit=true' (post) with body '[{"name": ' in 0.039 seconds, with status 200
2023-12-26 22:11:20,615 - INFO - Dados para Quinn inserido no Solr
2023-12-26 22:11:20,615 - DEBUG - Starting to build add request...
2023-12-26 22:11:20,615 - DEBUG - Built add request of 1 docs in 0.00 seconds.
2023-12-26 22:11:20,615 - DEBUG - Starting request to 'http://localhost:8983/solr/search_alunos/update/?commit=true' (post) with body '[{"name": '...
2023-12-26 22:11:20,663 - DEBUG - http://localhost:8983 "POST /solr/search_alunos/update/?commit=true HTTP/1.1" 200 59
2023-12-26 22:11:20,664 - INFO - Finished 'http://localhost:8983/solr/search_alunos/update/?commit=true' (post) with body '[{"name": ' in 0.049 seconds, with status 200
2023-12-26 22:11:20,664 - INFO - Dados para Rachel inserido no Solr
2023-12-26 22:11:20,664 - DEBUG - Starting to build add request...
2023-12-26 22:11:20,664 - DEBUG - Built add request of 1 docs in 0.00 seconds.
2023-12-26 22:11:20,664 - DEBUG - Starting request to 'http://localhost:8983/solr/search_alunos/update/?commit=true' (post) with body '[{"name": '...
2023-12-26 22:11:20,807 - DEBUG - http://localhost:8983 "POST /solr/search_alunos/update/?commit=true HTTP/1.1" 200 60
2023-12-26 22:11:20,807 - INFO - Finished 'http://localhost:8983/solr/search_alunos/update/?commit=true' (post) with body '[{"name": ' in 0.143 seconds, with status 200
2023-12-26 22:11:20,807 - INFO - Dados para Sam inserido no Solr
2023-12-26 22:11:20,807 - DEBUG - Starting to build add request...
2023-12-26 22:11:20,807 - DEBUG - Built add request of 1 docs in 0.00 seconds.
2023-12-26 22:11:20,807 - DEBUG - Starting request to 'http://localhost:8983/solr/search_alunos/update/?commit=true' (post) with body '[{"name": '...
2023-12-26 22:11:20,921 - DEBUG - http://localhost:8983 "POST /solr/search_alunos/update/?commit=true HTTP/1.1" 200 60
2023-12-26 22:11:20,922 - INFO - Finished 'http://localhost:8983/solr/search_alunos/update/?commit=true' (post) with body '[{"name": ' in 0.114 seconds, with status 200
2023-12-26 22:11:20,922 - INFO - Dados para Tristan inserido no Solr
2023-12-26 22:11:20,922 - DEBUG - Starting to build add request...
2023-12-26 22:11:20,922 - DEBUG - Built add request of 1 docs in 0.00 seconds.
2023-12-26 22:11:20,923 - DEBUG - Starting request to 'http://localhost:8983/solr/search_alunos/update/?commit=true' (post) with body '[{"name": '...
2023-12-26 22:11:20,963 - DEBUG - http://localhost:8983 "POST /solr/search_alunos/update/?commit=true HTTP/1.1" 200 59
2023-12-26 22:11:20,963 - INFO - Finished 'http://localhost:8983/solr/search_alunos/update/?commit=true' (post) with body '[{"name": ' in 0.040 seconds, with status 200
2023-12-26 22:11:20,963 - INFO - Dados para Uma inserido no Solr
2023-12-26 22:11:20,963 - DEBUG - Starting to build add request...
2023-12-26 22:11:20,963 - DEBUG - Built add request of 1 docs in 0.00 seconds.
2023-12-26 22:11:20,963 - DEBUG - Starting request to 'http://localhost:8983/solr/search_alunos/update/?commit=true' (post) with body '[{"name": '...
2023-12-26 22:11:21,017 - DEBUG - http://localhost:8983 "POST /solr/search_alunos/update/?commit=true HTTP/1.1" 200 59
2023-12-26 22:11:21,018 - INFO - Finished 'http://localhost:8983/solr/search_alunos/update/?commit=true' (post) with body '[{"name": ' in 0.054 seconds, with status 200
2023-12-26 22:11:21,018 - INFO - Dados para Victor inserido no Solr
2023-12-26 22:11:21,018 - DEBUG - Starting to build add request...
2023-12-26 22:11:21,018 - DEBUG - Built add request of 1 docs in 0.00 seconds.
2023-12-26 22:11:21,018 - DEBUG - Starting request to 'http://localhost:8983/solr/search_alunos/update/?commit=true' (post) with body '[{"name": '...
2023-12-26 22:11:21,135 - DEBUG - http://localhost:8983 "POST /solr/search_alunos/update/?commit=true HTTP/1.1" 200 60
2023-12-26 22:11:21,135 - INFO - Finished 'http://localhost:8983/solr/search_alunos/update/?commit=true' (post) with body '[{"name": ' in 0.117 seconds, with status 200
2023-12-26 22:11:21,135 - INFO - Dados para Wendy inserido no Solr
2023-12-26 22:11:21,136 - DEBUG - Starting to build add request...
2023-12-26 22:11:21,136 - DEBUG - Built add request of 1 docs in 0.00 seconds.
2023-12-26 22:11:21,136 - DEBUG - Starting request to 'http://localhost:8983/solr/search_alunos/update/?commit=true' (post) with body '[{"name": '...
2023-12-26 22:11:21,182 - DEBUG - http://localhost:8983 "POST /solr/search_alunos/update/?commit=true HTTP/1.1" 200 59
2023-12-26 22:11:21,183 - INFO - Finished 'http://localhost:8983/solr/search_alunos/update/?commit=true' (post) with body '[{"name": ' in 0.047 seconds, with status 200
2023-12-26 22:11:21,183 - INFO - Dados para Xander inserido no Solr
2023-12-26 22:11:21,183 - DEBUG - Starting to build add request...
2023-12-26 22:11:21,183 - DEBUG - Built add request of 1 docs in 0.00 seconds.
2023-12-26 22:11:21,183 - DEBUG - Starting request to 'http://localhost:8983/solr/search_alunos/update/?commit=true' (post) with body '[{"name": '...
2023-12-26 22:11:21,219 - DEBUG - http://localhost:8983 "POST /solr/search_alunos/update/?commit=true HTTP/1.1" 200 59
2023-12-26 22:11:21,219 - INFO - Finished 'http://localhost:8983/solr/search_alunos/update/?commit=true' (post) with body '[{"name": ' in 0.036 seconds, with status 200
2023-12-26 22:11:21,220 - INFO - Dados para Yara inserido no Solr
2023-12-26 22:11:21,220 - DEBUG - Starting to build add request...
2023-12-26 22:11:21,220 - DEBUG - Built add request of 1 docs in 0.00 seconds.
2023-12-26 22:11:21,220 - DEBUG - Starting request to 'http://localhost:8983/solr/search_alunos/update/?commit=true' (post) with body '[{"name": '...
2023-12-26 22:11:21,253 - DEBUG - http://localhost:8983 "POST /solr/search_alunos/update/?commit=true HTTP/1.1" 200 59
2023-12-26 22:11:21,254 - INFO - Finished 'http://localhost:8983/solr/search_alunos/update/?commit=true' (post) with body '[{"name": ' in 0.033 seconds, with status 200
2023-12-26 22:11:21,254 - INFO - Dados para Zane inserido no Solr
2023-12-26 22:11:21,254 - DEBUG - Starting to build add request...
2023-12-26 22:11:21,254 - DEBUG - Built add request of 1 docs in 0.00 seconds.
2023-12-26 22:11:21,254 - DEBUG - Starting request to 'http://localhost:8983/solr/search_alunos/update/?commit=true' (post) with body '[{"name": '...
2023-12-26 22:11:21,302 - DEBUG - http://localhost:8983 "POST /solr/search_alunos/update/?commit=true HTTP/1.1" 200 59
2023-12-26 22:11:21,303 - INFO - Finished 'http://localhost:8983/solr/search_alunos/update/?commit=true' (post) with body '[{"name": ' in 0.048 seconds, with status 200
2023-12-26 22:11:21,303 - INFO - Dados para Aaron inserido no Solr
2023-12-26 22:11:21,303 - DEBUG - Starting to build add request...
2023-12-26 22:11:21,303 - DEBUG - Built add request of 1 docs in 0.00 seconds.
2023-12-26 22:11:21,303 - DEBUG - Starting request to 'http://localhost:8983/solr/search_alunos/update/?commit=true' (post) with body '[{"name": '...
2023-12-26 22:11:21,347 - DEBUG - http://localhost:8983 "POST /solr/search_alunos/update/?commit=true HTTP/1.1" 200 59
2023-12-26 22:11:21,347 - INFO - Finished 'http://localhost:8983/solr/search_alunos/update/?commit=true' (post) with body '[{"name": ' in 0.044 seconds, with status 200
2023-12-26 22:11:21,347 - INFO - Dados para Bella inserido no Solr
2023-12-26 22:11:21,347 - DEBUG - Starting to build add request...
2023-12-26 22:11:21,347 - DEBUG - Built add request of 1 docs in 0.00 seconds.
2023-12-26 22:11:21,347 - DEBUG - Starting request to 'http://localhost:8983/solr/search_alunos/update/?commit=true' (post) with body '[{"name": '...
2023-12-26 22:11:21,419 - DEBUG - http://localhost:8983 "POST /solr/search_alunos/update/?commit=true HTTP/1.1" 200 59
2023-12-26 22:11:21,420 - INFO - Finished 'http://localhost:8983/solr/search_alunos/update/?commit=true' (post) with body '[{"name": ' in 0.072 seconds, with status 200
2023-12-26 22:11:21,420 - INFO - Dados para Carlos inserido no Solr
2023-12-26 22:11:21,420 - DEBUG - Starting to build add request...
2023-12-26 22:11:21,421 - DEBUG - Built add request of 1 docs in 0.00 seconds.
2023-12-26 22:11:21,421 - DEBUG - Starting request to 'http://localhost:8983/solr/search_alunos/update/?commit=true' (post) with body '[{"name": '...
2023-12-26 22:11:21,463 - DEBUG - http://localhost:8983 "POST /solr/search_alunos/update/?commit=true HTTP/1.1" 200 59
2023-12-26 22:11:21,464 - INFO - Finished 'http://localhost:8983/solr/search_alunos/update/?commit=true' (post) with body '[{"name": ' in 0.043 seconds, with status 200
2023-12-26 22:11:21,464 - INFO - Dados para Diana inserido no Solr
2023-12-26 22:11:21,464 - DEBUG - Starting to build add request...
2023-12-26 22:11:21,464 - DEBUG - Built add request of 1 docs in 0.00 seconds.
2023-12-26 22:11:21,464 - DEBUG - Starting request to 'http://localhost:8983/solr/search_alunos/update/?commit=true' (post) with body '[{"name": '...
2023-12-26 22:11:21,516 - DEBUG - http://localhost:8983 "POST /solr/search_alunos/update/?commit=true HTTP/1.1" 200 59
2023-12-26 22:11:21,516 - INFO - Finished 'http://localhost:8983/solr/search_alunos/update/?commit=true' (post) with body '[{"name": ' in 0.052 seconds, with status 200
2023-12-26 22:11:21,517 - INFO - Dados para Ethan inserido no Solr
2023-12-26 22:11:21,517 - DEBUG - Starting to build add request...
2023-12-26 22:11:21,517 - DEBUG - Built add request of 1 docs in 0.00 seconds.
2023-12-26 22:11:21,517 - DEBUG - Starting request to 'http://localhost:8983/solr/search_alunos/update/?commit=true' (post) with body '[{"name": '...
2023-12-26 22:11:21,631 - DEBUG - http://localhost:8983 "POST /solr/search_alunos/update/?commit=true HTTP/1.1" 200 60
2023-12-26 22:11:21,631 - INFO - Finished 'http://localhost:8983/solr/search_alunos/update/?commit=true' (post) with body '[{"name": ' in 0.114 seconds, with status 200
2023-12-26 22:11:21,631 - INFO - Dados para Fiona inserido no Solr
2023-12-26 22:11:21,632 - DEBUG - Starting to build add request...
2023-12-26 22:11:21,632 - DEBUG - Built add request of 1 docs in 0.00 seconds.
2023-12-26 22:11:21,632 - DEBUG - Starting request to 'http://localhost:8983/solr/search_alunos/update/?commit=true' (post) with body '[{"name": '...
2023-12-26 22:11:21,670 - DEBUG - http://localhost:8983 "POST /solr/search_alunos/update/?commit=true HTTP/1.1" 200 59
2023-12-26 22:11:21,670 - INFO - Finished 'http://localhost:8983/solr/search_alunos/update/?commit=true' (post) with body '[{"name": ' in 0.038 seconds, with status 200
2023-12-26 22:11:21,670 - INFO - Dados para Gavin inserido no Solr
2023-12-26 22:11:21,670 - DEBUG - Starting to build add request...
2023-12-26 22:11:21,670 - DEBUG - Built add request of 1 docs in 0.00 seconds.
2023-12-26 22:11:21,670 - DEBUG - Starting request to 'http://localhost:8983/solr/search_alunos/update/?commit=true' (post) with body '[{"name": '...
2023-12-26 22:11:21,723 - DEBUG - http://localhost:8983 "POST /solr/search_alunos/update/?commit=true HTTP/1.1" 200 59
2023-12-26 22:11:21,724 - INFO - Finished 'http://localhost:8983/solr/search_alunos/update/?commit=true' (post) with body '[{"name": ' in 0.054 seconds, with status 200
2023-12-26 22:11:21,724 - INFO - Dados para Holly inserido no Solr
2023-12-26 22:11:21,724 - DEBUG - Starting to build add request...
2023-12-26 22:11:21,724 - DEBUG - Built add request of 1 docs in 0.00 seconds.
2023-12-26 22:11:21,724 - DEBUG - Starting request to 'http://localhost:8983/solr/search_alunos/update/?commit=true' (post) with body '[{"name": '...
2023-12-26 22:11:21,776 - DEBUG - http://localhost:8983 "POST /solr/search_alunos/update/?commit=true HTTP/1.1" 200 59
2023-12-26 22:11:21,776 - INFO - Finished 'http://localhost:8983/solr/search_alunos/update/?commit=true' (post) with body '[{"name": ' in 0.053 seconds, with status 200
2023-12-26 22:11:21,777 - INFO - Dados para Ian inserido no Solr
2023-12-26 22:11:21,777 - DEBUG - Starting to build add request...
2023-12-26 22:11:21,777 - DEBUG - Built add request of 1 docs in 0.00 seconds.
2023-12-26 22:11:21,777 - DEBUG - Starting request to 'http://localhost:8983/solr/search_alunos/update/?commit=true' (post) with body '[{"name": '...
2023-12-26 22:11:21,839 - DEBUG - http://localhost:8983 "POST /solr/search_alunos/update/?commit=true HTTP/1.1" 200 59
2023-12-26 22:11:21,840 - INFO - Finished 'http://localhost:8983/solr/search_alunos/update/?commit=true' (post) with body '[{"name": ' in 0.063 seconds, with status 200
2023-12-26 22:11:21,840 - INFO - Dados para Jenna inserido no Solr
2023-12-26 22:11:21,840 - DEBUG - Starting to build add request...
2023-12-26 22:11:21,840 - DEBUG - Built add request of 1 docs in 0.00 seconds.
2023-12-26 22:11:21,840 - DEBUG - Starting request to 'http://localhost:8983/solr/search_alunos/update/?commit=true' (post) with body '[{"name": '...
2023-12-26 22:11:21,914 - DEBUG - http://localhost:8983 "POST /solr/search_alunos/update/?commit=true HTTP/1.1" 200 59
2023-12-26 22:11:21,914 - INFO - Finished 'http://localhost:8983/solr/search_alunos/update/?commit=true' (post) with body '[{"name": ' in 0.074 seconds, with status 200
2023-12-26 22:11:21,914 - INFO - Dados para Kyle inserido no Solr
2023-12-26 22:11:21,914 - DEBUG - Starting to build add request...
2023-12-26 22:11:21,914 - DEBUG - Built add request of 1 docs in 0.00 seconds.
2023-12-26 22:11:21,914 - DEBUG - Starting request to 'http://localhost:8983/solr/search_alunos/update/?commit=true' (post) with body '[{"name": '...
2023-12-26 22:11:22,036 - DEBUG - http://localhost:8983 "POST /solr/search_alunos/update/?commit=true HTTP/1.1" 200 60
2023-12-26 22:11:22,036 - INFO - Finished 'http://localhost:8983/solr/search_alunos/update/?commit=true' (post) with body '[{"name": ' in 0.122 seconds, with status 200
2023-12-26 22:11:22,036 - INFO - Dados para Luna inserido no Solr
2023-12-26 22:11:22,036 - DEBUG - Starting to build add request...
2023-12-26 22:11:22,036 - DEBUG - Built add request of 1 docs in 0.00 seconds.
2023-12-26 22:11:22,036 - DEBUG - Starting request to 'http://localhost:8983/solr/search_alunos/update/?commit=true' (post) with body '[{"name": '...
2023-12-26 22:11:22,116 - DEBUG - http://localhost:8983 "POST /solr/search_alunos/update/?commit=true HTTP/1.1" 200 59
2023-12-26 22:11:22,117 - INFO - Finished 'http://localhost:8983/solr/search_alunos/update/?commit=true' (post) with body '[{"name": ' in 0.080 seconds, with status 200
2023-12-26 22:11:22,117 - INFO - Dados para Mason inserido no Solr
2023-12-26 22:11:22,117 - DEBUG - Starting to build add request...
2023-12-26 22:11:22,117 - DEBUG - Built add request of 1 docs in 0.00 seconds.
2023-12-26 22:11:22,117 - DEBUG - Starting request to 'http://localhost:8983/solr/search_alunos/update/?commit=true' (post) with body '[{"name": '...
2023-12-26 22:11:22,170 - DEBUG - http://localhost:8983 "POST /solr/search_alunos/update/?commit=true HTTP/1.1" 200 59
2023-12-26 22:11:22,171 - INFO - Finished 'http://localhost:8983/solr/search_alunos/update/?commit=true' (post) with body '[{"name": ' in 0.054 seconds, with status 200
2023-12-26 22:11:22,171 - INFO - Dados para Nora inserido no Solr
2023-12-26 22:11:22,171 - DEBUG - Starting to build add request...
2023-12-26 22:11:22,171 - DEBUG - Built add request of 1 docs in 0.00 seconds.
2023-12-26 22:11:22,172 - DEBUG - Starting request to 'http://localhost:8983/solr/search_alunos/update/?commit=true' (post) with body '[{"name": '...
2023-12-26 22:11:22,208 - DEBUG - http://localhost:8983 "POST /solr/search_alunos/update/?commit=true HTTP/1.1" 200 59
2023-12-26 22:11:22,208 - INFO - Finished 'http://localhost:8983/solr/search_alunos/update/?commit=true' (post) with body '[{"name": ' in 0.036 seconds, with status 200
2023-12-26 22:11:22,208 - INFO - Dados para Oscar inserido no Solr
2023-12-26 22:11:22,208 - DEBUG - Starting to build add request...
2023-12-26 22:11:22,209 - DEBUG - Built add request of 1 docs in 0.00 seconds.
2023-12-26 22:11:22,209 - DEBUG - Starting request to 'http://localhost:8983/solr/search_alunos/update/?commit=true' (post) with body '[{"name": '...
2023-12-26 22:11:22,263 - DEBUG - http://localhost:8983 "POST /solr/search_alunos/update/?commit=true HTTP/1.1" 200 59
2023-12-26 22:11:22,263 - INFO - Finished 'http://localhost:8983/solr/search_alunos/update/?commit=true' (post) with body '[{"name": ' in 0.054 seconds, with status 200
2023-12-26 22:11:22,263 - INFO - Dados para Penelope inserido no Solr
2023-12-26 22:11:22,263 - DEBUG - Starting to build add request...
2023-12-26 22:11:22,263 - DEBUG - Built add request of 1 docs in 0.00 seconds.
2023-12-26 22:11:22,263 - DEBUG - Starting request to 'http://localhost:8983/solr/search_alunos/update/?commit=true' (post) with body '[{"name": '...
2023-12-26 22:11:22,300 - DEBUG - http://localhost:8983 "POST /solr/search_alunos/update/?commit=true HTTP/1.1" 200 59
2023-12-26 22:11:22,301 - INFO - Finished 'http://localhost:8983/solr/search_alunos/update/?commit=true' (post) with body '[{"name": ' in 0.037 seconds, with status 200
2023-12-26 22:11:22,301 - INFO - Dados para Quincy inserido no Solr
2023-12-26 22:11:22,301 - DEBUG - Starting to build add request...
2023-12-26 22:11:22,301 - DEBUG - Built add request of 1 docs in 0.00 seconds.
2023-12-26 22:11:22,302 - DEBUG - Starting request to 'http://localhost:8983/solr/search_alunos/update/?commit=true' (post) with body '[{"name": '...
2023-12-26 22:11:22,339 - DEBUG - http://localhost:8983 "POST /solr/search_alunos/update/?commit=true HTTP/1.1" 200 59
2023-12-26 22:11:22,339 - INFO - Finished 'http://localhost:8983/solr/search_alunos/update/?commit=true' (post) with body '[{"name": ' in 0.038 seconds, with status 200
2023-12-26 22:11:22,339 - INFO - Dados para Rebecca inserido no Solr
2023-12-26 22:11:22,340 - DEBUG - Starting to build add request...
2023-12-26 22:11:22,340 - DEBUG - Built add request of 1 docs in 0.00 seconds.
2023-12-26 22:11:22,340 - DEBUG - Starting request to 'http://localhost:8983/solr/search_alunos/update/?commit=true' (post) with body '[{"name": '...
2023-12-26 22:11:22,386 - DEBUG - http://localhost:8983 "POST /solr/search_alunos/update/?commit=true HTTP/1.1" 200 59
2023-12-26 22:11:22,386 - INFO - Finished 'http://localhost:8983/solr/search_alunos/update/?commit=true' (post) with body '[{"name": ' in 0.047 seconds, with status 200
2023-12-26 22:11:22,387 - INFO - Dados para Sophia inserido no Solr
2023-12-26 22:11:22,387 - DEBUG - Starting to build add request...
2023-12-26 22:11:22,387 - DEBUG - Built add request of 1 docs in 0.00 seconds.
2023-12-26 22:11:22,387 - DEBUG - Starting request to 'http://localhost:8983/solr/search_alunos/update/?commit=true' (post) with body '[{"name": '...
2023-12-26 22:11:22,473 - DEBUG - http://localhost:8983 "POST /solr/search_alunos/update/?commit=true HTTP/1.1" 200 59
2023-12-26 22:11:22,473 - INFO - Finished 'http://localhost:8983/solr/search_alunos/update/?commit=true' (post) with body '[{"name": ' in 0.086 seconds, with status 200
2023-12-26 22:11:22,473 - INFO - Dados para Trevor inserido no Solr
2023-12-26 22:11:22,474 - DEBUG - Starting to build add request...
2023-12-26 22:11:22,474 - DEBUG - Built add request of 1 docs in 0.00 seconds.
2023-12-26 22:11:22,474 - DEBUG - Starting request to 'http://localhost:8983/solr/search_alunos/update/?commit=true' (post) with body '[{"name": '...
2023-12-26 22:11:22,529 - DEBUG - http://localhost:8983 "POST /solr/search_alunos/update/?commit=true HTTP/1.1" 200 59
2023-12-26 22:11:22,530 - INFO - Finished 'http://localhost:8983/solr/search_alunos/update/?commit=true' (post) with body '[{"name": ' in 0.056 seconds, with status 200
2023-12-26 22:11:22,530 - INFO - Dados para Ursula inserido no Solr
2023-12-26 22:11:22,530 - DEBUG - Starting to build add request...
2023-12-26 22:11:22,530 - DEBUG - Built add request of 1 docs in 0.00 seconds.
2023-12-26 22:11:22,530 - DEBUG - Starting request to 'http://localhost:8983/solr/search_alunos/update/?commit=true' (post) with body '[{"name": '...
2023-12-26 22:11:22,562 - DEBUG - http://localhost:8983 "POST /solr/search_alunos/update/?commit=true HTTP/1.1" 200 59
2023-12-26 22:11:22,562 - INFO - Finished 'http://localhost:8983/solr/search_alunos/update/?commit=true' (post) with body '[{"name": ' in 0.032 seconds, with status 200
2023-12-26 22:11:22,562 - INFO - Dados para Vincent inserido no Solr
2023-12-26 22:11:22,562 - DEBUG - Starting to build add request...
2023-12-26 22:11:22,562 - DEBUG - Built add request of 1 docs in 0.00 seconds.
2023-12-26 22:11:22,563 - DEBUG - Starting request to 'http://localhost:8983/solr/search_alunos/update/?commit=true' (post) with body '[{"name": '...
2023-12-26 22:11:22,594 - DEBUG - http://localhost:8983 "POST /solr/search_alunos/update/?commit=true HTTP/1.1" 200 59
2023-12-26 22:11:22,595 - INFO - Finished 'http://localhost:8983/solr/search_alunos/update/?commit=true' (post) with body '[{"name": ' in 0.032 seconds, with status 200
2023-12-26 22:11:22,595 - INFO - Dados para Willow inserido no Solr
2023-12-26 22:11:22,595 - DEBUG - Starting to build add request...
2023-12-26 22:11:22,595 - DEBUG - Built add request of 1 docs in 0.00 seconds.
2023-12-26 22:11:22,595 - DEBUG - Starting request to 'http://localhost:8983/solr/search_alunos/update/?commit=true' (post) with body '[{"name": '...
2023-12-26 22:11:22,626 - DEBUG - http://localhost:8983 "POST /solr/search_alunos/update/?commit=true HTTP/1.1" 200 59
2023-12-26 22:11:22,627 - INFO - Finished 'http://localhost:8983/solr/search_alunos/update/?commit=true' (post) with body '[{"name": ' in 0.031 seconds, with status 200
2023-12-26 22:11:22,627 - INFO - Dados para Xavier inserido no Solr
2023-12-26 22:11:22,627 - DEBUG - Starting to build add request...
2023-12-26 22:11:22,627 - DEBUG - Built add request of 1 docs in 0.00 seconds.
2023-12-26 22:11:22,627 - DEBUG - Starting request to 'http://localhost:8983/solr/search_alunos/update/?commit=true' (post) with body '[{"name": '...
2023-12-26 22:11:22,668 - DEBUG - http://localhost:8983 "POST /solr/search_alunos/update/?commit=true HTTP/1.1" 200 59
2023-12-26 22:11:22,669 - INFO - Finished 'http://localhost:8983/solr/search_alunos/update/?commit=true' (post) with body '[{"name": ' in 0.041 seconds, with status 200
2023-12-26 22:11:22,669 - INFO - Dados para Yasmine inserido no Solr
2023-12-26 22:11:22,669 - DEBUG - Starting to build add request...
2023-12-26 22:11:22,669 - DEBUG - Built add request of 1 docs in 0.00 seconds.
2023-12-26 22:11:22,669 - DEBUG - Starting request to 'http://localhost:8983/solr/search_alunos/update/?commit=true' (post) with body '[{"name": '...
2023-12-26 22:11:22,715 - DEBUG - http://localhost:8983 "POST /solr/search_alunos/update/?commit=true HTTP/1.1" 200 59
2023-12-26 22:11:22,716 - INFO - Finished 'http://localhost:8983/solr/search_alunos/update/?commit=true' (post) with body '[{"name": ' in 0.046 seconds, with status 200
2023-12-26 22:11:22,716 - INFO - Dados para Zachary inserido no Solr
2023-12-26 22:11:22,716 - DEBUG - Starting to build add request...
2023-12-26 22:11:22,716 - DEBUG - Built add request of 1 docs in 0.00 seconds.
2023-12-26 22:11:22,716 - DEBUG - Starting request to 'http://localhost:8983/solr/search_alunos/update/?commit=true' (post) with body '[{"name": '...
2023-12-26 22:11:22,781 - DEBUG - http://localhost:8983 "POST /solr/search_alunos/update/?commit=true HTTP/1.1" 200 59
2023-12-26 22:11:22,782 - INFO - Finished 'http://localhost:8983/solr/search_alunos/update/?commit=true' (post) with body '[{"name": ' in 0.066 seconds, with status 200
2023-12-26 22:11:22,782 - INFO - Dados para Abigail inserido no Solr
2023-12-26 22:11:22,782 - DEBUG - Starting to build add request...
2023-12-26 22:11:22,782 - DEBUG - Built add request of 1 docs in 0.00 seconds.
2023-12-26 22:11:22,782 - DEBUG - Starting request to 'http://localhost:8983/solr/search_alunos/update/?commit=true' (post) with body '[{"name": '...
2023-12-26 22:11:22,829 - DEBUG - http://localhost:8983 "POST /solr/search_alunos/update/?commit=true HTTP/1.1" 200 59
2023-12-26 22:11:22,830 - INFO - Finished 'http://localhost:8983/solr/search_alunos/update/?commit=true' (post) with body '[{"name": ' in 0.047 seconds, with status 200
2023-12-26 22:11:22,830 - INFO - Dados para Benjamin inserido no Solr
2023-12-26 22:11:22,830 - DEBUG - Starting to build add request...
2023-12-26 22:11:22,830 - DEBUG - Built add request of 1 docs in 0.00 seconds.
2023-12-26 22:11:22,830 - DEBUG - Starting request to 'http://localhost:8983/solr/search_alunos/update/?commit=true' (post) with body '[{"name": '...
2023-12-26 22:11:22,884 - DEBUG - http://localhost:8983 "POST /solr/search_alunos/update/?commit=true HTTP/1.1" 200 59
2023-12-26 22:11:22,885 - INFO - Finished 'http://localhost:8983/solr/search_alunos/update/?commit=true' (post) with body '[{"name": ' in 0.055 seconds, with status 200
2023-12-26 22:11:22,885 - INFO - Dados para Catherine inserido no Solr
2023-12-26 22:11:22,885 - DEBUG - Starting to build add request...
2023-12-26 22:11:22,885 - DEBUG - Built add request of 1 docs in 0.00 seconds.
2023-12-26 22:11:22,885 - DEBUG - Starting request to 'http://localhost:8983/solr/search_alunos/update/?commit=true' (post) with body '[{"name": '...
2023-12-26 22:11:22,937 - DEBUG - http://localhost:8983 "POST /solr/search_alunos/update/?commit=true HTTP/1.1" 200 59
2023-12-26 22:11:22,938 - INFO - Finished 'http://localhost:8983/solr/search_alunos/update/?commit=true' (post) with body '[{"name": ' in 0.053 seconds, with status 200
2023-12-26 22:11:22,938 - INFO - Dados para Daniel inserido no Solr
2023-12-26 22:11:22,938 - DEBUG - Starting to build add request...
2023-12-26 22:11:22,938 - DEBUG - Built add request of 1 docs in 0.00 seconds.
2023-12-26 22:11:22,938 - DEBUG - Starting request to 'http://localhost:8983/solr/search_alunos/update/?commit=true' (post) with body '[{"name": '...
2023-12-26 22:11:22,977 - DEBUG - http://localhost:8983 "POST /solr/search_alunos/update/?commit=true HTTP/1.1" 200 59
2023-12-26 22:11:22,977 - INFO - Finished 'http://localhost:8983/solr/search_alunos/update/?commit=true' (post) with body '[{"name": ' in 0.038 seconds, with status 200
2023-12-26 22:11:22,977 - INFO - Dados para Emily inserido no Solr
2023-12-26 22:11:22,977 - DEBUG - Starting to build add request...
2023-12-26 22:11:22,978 - DEBUG - Built add request of 1 docs in 0.00 seconds.
2023-12-26 22:11:22,978 - DEBUG - Starting request to 'http://localhost:8983/solr/search_alunos/update/?commit=true' (post) with body '[{"name": '...
2023-12-26 22:11:23,080 - DEBUG - http://localhost:8983 "POST /solr/search_alunos/update/?commit=true HTTP/1.1" 200 59
2023-12-26 22:11:23,081 - INFO - Finished 'http://localhost:8983/solr/search_alunos/update/?commit=true' (post) with body '[{"name": ' in 0.103 seconds, with status 200
2023-12-26 22:11:23,081 - INFO - Dados para Felix inserido no Solr
2023-12-26 22:11:23,081 - DEBUG - Starting to build add request...
2023-12-26 22:11:23,081 - DEBUG - Built add request of 1 docs in 0.00 seconds.
2023-12-26 22:11:23,081 - DEBUG - Starting request to 'http://localhost:8983/solr/search_alunos/update/?commit=true' (post) with body '[{"name": '...
2023-12-26 22:11:23,131 - DEBUG - http://localhost:8983 "POST /solr/search_alunos/update/?commit=true HTTP/1.1" 200 59
2023-12-26 22:11:23,131 - INFO - Finished 'http://localhost:8983/solr/search_alunos/update/?commit=true' (post) with body '[{"name": ' in 0.050 seconds, with status 200
2023-12-26 22:11:23,131 - INFO - Dados para Gabriella inserido no Solr
2023-12-26 22:11:23,132 - DEBUG - Starting to build add request...
2023-12-26 22:11:23,132 - DEBUG - Built add request of 1 docs in 0.00 seconds.
2023-12-26 22:11:23,132 - DEBUG - Starting request to 'http://localhost:8983/solr/search_alunos/update/?commit=true' (post) with body '[{"name": '...
2023-12-26 22:11:23,176 - DEBUG - http://localhost:8983 "POST /solr/search_alunos/update/?commit=true HTTP/1.1" 200 59
2023-12-26 22:11:23,176 - INFO - Finished 'http://localhost:8983/solr/search_alunos/update/?commit=true' (post) with body '[{"name": ' in 0.044 seconds, with status 200
2023-12-26 22:11:23,176 - INFO - Dados para Hayden inserido no Solr
2023-12-26 22:11:23,176 - DEBUG - Starting to build add request...
2023-12-26 22:11:23,176 - DEBUG - Built add request of 1 docs in 0.00 seconds.
2023-12-26 22:11:23,176 - DEBUG - Starting request to 'http://localhost:8983/solr/search_alunos/update/?commit=true' (post) with body '[{"name": '...
2023-12-26 22:11:23,216 - DEBUG - http://localhost:8983 "POST /solr/search_alunos/update/?commit=true HTTP/1.1" 200 59
2023-12-26 22:11:23,217 - INFO - Finished 'http://localhost:8983/solr/search_alunos/update/?commit=true' (post) with body '[{"name": ' in 0.040 seconds, with status 200
2023-12-26 22:11:23,217 - INFO - Dados para Isabella inserido no Solr
2023-12-26 22:11:23,217 - DEBUG - Starting to build add request...
2023-12-26 22:11:23,217 - DEBUG - Built add request of 1 docs in 0.00 seconds.
2023-12-26 22:11:23,218 - DEBUG - Starting request to 'http://localhost:8983/solr/search_alunos/update/?commit=true' (post) with body '[{"name": '...
2023-12-26 22:11:23,280 - DEBUG - http://localhost:8983 "POST /solr/search_alunos/update/?commit=true HTTP/1.1" 200 59
2023-12-26 22:11:23,280 - INFO - Finished 'http://localhost:8983/solr/search_alunos/update/?commit=true' (post) with body '[{"name": ' in 0.063 seconds, with status 200
2023-12-26 22:11:23,280 - INFO - Dados para Joseph inserido no Solr
2023-12-26 22:11:23,281 - DEBUG - Starting to build add request...
2023-12-26 22:11:23,281 - DEBUG - Built add request of 1 docs in 0.00 seconds.
2023-12-26 22:11:23,281 - DEBUG - Starting request to 'http://localhost:8983/solr/search_alunos/update/?commit=true' (post) with body '[{"name": '...
2023-12-26 22:11:23,368 - DEBUG - http://localhost:8983 "POST /solr/search_alunos/update/?commit=true HTTP/1.1" 200 59
2023-12-26 22:11:23,368 - INFO - Finished 'http://localhost:8983/solr/search_alunos/update/?commit=true' (post) with body '[{"name": ' in 0.088 seconds, with status 200
2023-12-26 22:11:23,368 - INFO - Dados para Kaitlyn inserido no Solr
2023-12-26 22:11:23,369 - DEBUG - Starting to build add request...
2023-12-26 22:11:23,369 - DEBUG - Built add request of 1 docs in 0.00 seconds.
2023-12-26 22:11:23,369 - DEBUG - Starting request to 'http://localhost:8983/solr/search_alunos/update/?commit=true' (post) with body '[{"name": '...
2023-12-26 22:11:23,422 - DEBUG - http://localhost:8983 "POST /solr/search_alunos/update/?commit=true HTTP/1.1" 200 59
2023-12-26 22:11:23,422 - INFO - Finished 'http://localhost:8983/solr/search_alunos/update/?commit=true' (post) with body '[{"name": ' in 0.054 seconds, with status 200
2023-12-26 22:11:23,422 - INFO - Dados para Landon inserido no Solr
2023-12-26 22:11:23,422 - DEBUG - Starting to build add request...
2023-12-26 22:11:23,423 - DEBUG - Built add request of 1 docs in 0.00 seconds.
2023-12-26 22:11:23,423 - DEBUG - Starting request to 'http://localhost:8983/solr/search_alunos/update/?commit=true' (post) with body '[{"name": '...
2023-12-26 22:11:23,541 - DEBUG - http://localhost:8983 "POST /solr/search_alunos/update/?commit=true HTTP/1.1" 200 60
2023-12-26 22:11:23,541 - INFO - Finished 'http://localhost:8983/solr/search_alunos/update/?commit=true' (post) with body '[{"name": ' in 0.118 seconds, with status 200
2023-12-26 22:11:23,541 - INFO - Dados para Madison inserido no Solr
2023-12-26 22:11:23,541 - DEBUG - Starting to build add request...
2023-12-26 22:11:23,541 - DEBUG - Built add request of 1 docs in 0.00 seconds.
2023-12-26 22:11:23,544 - DEBUG - Starting request to 'http://localhost:8983/solr/search_alunos/update/?commit=true' (post) with body '[{"name": '...
2023-12-26 22:11:23,607 - DEBUG - http://localhost:8983 "POST /solr/search_alunos/update/?commit=true HTTP/1.1" 200 59
2023-12-26 22:11:23,607 - INFO - Finished 'http://localhost:8983/solr/search_alunos/update/?commit=true' (post) with body '[{"name": ' in 0.063 seconds, with status 200
2023-12-26 22:11:23,607 - INFO - Dados para Nathanial inserido no Solr
2023-12-26 22:11:23,608 - DEBUG - Starting to build add request...
2023-12-26 22:11:23,608 - DEBUG - Built add request of 1 docs in 0.00 seconds.
2023-12-26 22:11:23,608 - DEBUG - Starting request to 'http://localhost:8983/solr/search_alunos/update/?commit=true' (post) with body '[{"name": '...
2023-12-26 22:11:23,652 - DEBUG - http://localhost:8983 "POST /solr/search_alunos/update/?commit=true HTTP/1.1" 200 59
2023-12-26 22:11:23,652 - INFO - Finished 'http://localhost:8983/solr/search_alunos/update/?commit=true' (post) with body '[{"name": ' in 0.045 seconds, with status 200
2023-12-26 22:11:23,652 - INFO - Dados para Olivia inserido no Solr
2023-12-26 22:11:23,652 - DEBUG - Starting to build add request...
2023-12-26 22:11:23,653 - DEBUG - Built add request of 1 docs in 0.00 seconds.
2023-12-26 22:11:23,653 - DEBUG - Starting request to 'http://localhost:8983/solr/search_alunos/update/?commit=true' (post) with body '[{"name": '...
2023-12-26 22:11:23,691 - DEBUG - http://localhost:8983 "POST /solr/search_alunos/update/?commit=true HTTP/1.1" 200 59
2023-12-26 22:11:23,691 - INFO - Finished 'http://localhost:8983/solr/search_alunos/update/?commit=true' (post) with body '[{"name": ' in 0.039 seconds, with status 200
2023-12-26 22:11:23,691 - INFO - Dados para Preston inserido no Solr
2023-12-26 22:11:23,691 - DEBUG - Starting to build add request...
2023-12-26 22:11:23,691 - DEBUG - Built add request of 1 docs in 0.00 seconds.
2023-12-26 22:11:23,691 - DEBUG - Starting request to 'http://localhost:8983/solr/search_alunos/update/?commit=true' (post) with body '[{"name": '...
2023-12-26 22:11:23,742 - DEBUG - http://localhost:8983 "POST /solr/search_alunos/update/?commit=true HTTP/1.1" 200 59
2023-12-26 22:11:23,742 - INFO - Finished 'http://localhost:8983/solr/search_alunos/update/?commit=true' (post) with body '[{"name": ' in 0.051 seconds, with status 200
2023-12-26 22:11:23,742 - INFO - Dados para Quincy inserido no Solr
2023-12-26 22:11:23,743 - DEBUG - Starting to build add request...
2023-12-26 22:11:23,743 - DEBUG - Built add request of 1 docs in 0.00 seconds.
2023-12-26 22:11:23,743 - DEBUG - Starting request to 'http://localhost:8983/solr/search_alunos/update/?commit=true' (post) with body '[{"name": '...
2023-12-26 22:11:23,802 - DEBUG - http://localhost:8983 "POST /solr/search_alunos/update/?commit=true HTTP/1.1" 200 59
2023-12-26 22:11:23,803 - INFO - Finished 'http://localhost:8983/solr/search_alunos/update/?commit=true' (post) with body '[{"name": ' in 0.060 seconds, with status 200
2023-12-26 22:11:23,803 - INFO - Dados para Reagan inserido no Solr
2023-12-26 22:11:23,803 - DEBUG - Starting to build add request...
2023-12-26 22:11:23,803 - DEBUG - Built add request of 1 docs in 0.00 seconds.
2023-12-26 22:11:23,803 - DEBUG - Starting request to 'http://localhost:8983/solr/search_alunos/update/?commit=true' (post) with body '[{"name": '...
2023-12-26 22:11:23,848 - DEBUG - http://localhost:8983 "POST /solr/search_alunos/update/?commit=true HTTP/1.1" 200 59
2023-12-26 22:11:23,848 - INFO - Finished 'http://localhost:8983/solr/search_alunos/update/?commit=true' (post) with body '[{"name": ' in 0.045 seconds, with status 200
2023-12-26 22:11:23,848 - INFO - Dados para Sarah inserido no Solr
2023-12-26 22:11:23,849 - DEBUG - Starting to build add request...
2023-12-26 22:11:23,849 - DEBUG - Built add request of 1 docs in 0.00 seconds.
2023-12-26 22:11:23,849 - DEBUG - Starting request to 'http://localhost:8983/solr/search_alunos/update/?commit=true' (post) with body '[{"name": '...
2023-12-26 22:11:23,903 - DEBUG - http://localhost:8983 "POST /solr/search_alunos/update/?commit=true HTTP/1.1" 200 59
2023-12-26 22:11:23,903 - INFO - Finished 'http://localhost:8983/solr/search_alunos/update/?commit=true' (post) with body '[{"name": ' in 0.055 seconds, with status 200
2023-12-26 22:11:23,903 - INFO - Dados para Tucker inserido no Solr
2023-12-26 22:11:23,904 - DEBUG - Starting to build add request...
2023-12-26 22:11:23,904 - DEBUG - Built add request of 1 docs in 0.00 seconds.
2023-12-26 22:11:23,904 - DEBUG - Starting request to 'http://localhost:8983/solr/search_alunos/update/?commit=true' (post) with body '[{"name": '...
2023-12-26 22:11:23,975 - DEBUG - http://localhost:8983 "POST /solr/search_alunos/update/?commit=true HTTP/1.1" 200 59
2023-12-26 22:11:23,975 - INFO - Finished 'http://localhost:8983/solr/search_alunos/update/?commit=true' (post) with body '[{"name": ' in 0.071 seconds, with status 200
2023-12-26 22:11:23,976 - INFO - Dados para Uma inserido no Solr
2023-12-26 22:11:23,976 - DEBUG - Starting to build add request...
2023-12-26 22:11:23,976 - DEBUG - Built add request of 1 docs in 0.00 seconds.
2023-12-26 22:11:23,976 - DEBUG - Starting request to 'http://localhost:8983/solr/search_alunos/update/?commit=true' (post) with body '[{"name": '...
2023-12-26 22:11:24,041 - DEBUG - http://localhost:8983 "POST /solr/search_alunos/update/?commit=true HTTP/1.1" 200 59
2023-12-26 22:11:24,041 - INFO - Finished 'http://localhost:8983/solr/search_alunos/update/?commit=true' (post) with body '[{"name": ' in 0.065 seconds, with status 200
2023-12-26 22:11:24,041 - INFO - Dados para Vincent inserido no Solr
2023-12-26 22:11:24,042 - DEBUG - Starting to build add request...
2023-12-26 22:11:24,042 - DEBUG - Built add request of 1 docs in 0.00 seconds.
2023-12-26 22:11:24,042 - DEBUG - Starting request to 'http://localhost:8983/solr/search_alunos/update/?commit=true' (post) with body '[{"name": '...
2023-12-26 22:11:24,095 - DEBUG - http://localhost:8983 "POST /solr/search_alunos/update/?commit=true HTTP/1.1" 200 59
2023-12-26 22:11:24,095 - INFO - Finished 'http://localhost:8983/solr/search_alunos/update/?commit=true' (post) with body '[{"name": ' in 0.053 seconds, with status 200
2023-12-26 22:11:24,095 - INFO - Dados para Wendy inserido no Solr
2023-12-26 22:11:24,095 - DEBUG - Starting to build add request...
2023-12-26 22:11:24,096 - DEBUG - Built add request of 1 docs in 0.00 seconds.
2023-12-26 22:11:24,097 - DEBUG - Starting request to 'http://localhost:8983/solr/search_alunos/update/?commit=true' (post) with body '[{"name": '...
2023-12-26 22:11:24,156 - DEBUG - http://localhost:8983 "POST /solr/search_alunos/update/?commit=true HTTP/1.1" 200 59
2023-12-26 22:11:24,156 - INFO - Finished 'http://localhost:8983/solr/search_alunos/update/?commit=true' (post) with body '[{"name": ' in 0.059 seconds, with status 200
2023-12-26 22:11:24,157 - INFO - Dados para Xavier inserido no Solr
2023-12-26 22:11:24,157 - DEBUG - Starting to build add request...
2023-12-26 22:11:24,157 - DEBUG - Built add request of 1 docs in 0.00 seconds.
2023-12-26 22:11:24,157 - DEBUG - Starting request to 'http://localhost:8983/solr/search_alunos/update/?commit=true' (post) with body '[{"name": '...
2023-12-26 22:11:24,219 - DEBUG - http://localhost:8983 "POST /solr/search_alunos/update/?commit=true HTTP/1.1" 200 59
2023-12-26 22:11:24,220 - INFO - Finished 'http://localhost:8983/solr/search_alunos/update/?commit=true' (post) with body '[{"name": ' in 0.063 seconds, with status 200
2023-12-26 22:11:24,220 - INFO - Dados para Yara inserido no Solr
2023-12-26 22:11:24,220 - DEBUG - Starting to build add request...
2023-12-26 22:11:24,221 - DEBUG - Built add request of 1 docs in 0.00 seconds.
2023-12-26 22:11:24,221 - DEBUG - Starting request to 'http://localhost:8983/solr/search_alunos/update/?commit=true' (post) with body '[{"name": '...
2023-12-26 22:11:24,270 - DEBUG - http://localhost:8983 "POST /solr/search_alunos/update/?commit=true HTTP/1.1" 200 59
2023-12-26 22:11:24,270 - INFO - Finished 'http://localhost:8983/solr/search_alunos/update/?commit=true' (post) with body '[{"name": ' in 0.050 seconds, with status 200
2023-12-26 22:11:24,270 - INFO - Dados para Zachary inserido no Solr
2023-12-26 22:11:24,271 - INFO - Script de execução completo!
